<?xml version="1.0" encoding="UTF-8"?>
<testsuite xmlns:xsi="http://www.w3.org/2001/XMLSchema-instance" xsi:noNamespaceSchemaLocation="https://maven.apache.org/surefire/maven-surefire-plugin/xsd/surefire-test-report-3.0.xsd" version="3.0" name="tn.esprit.tpfoyer17.JunitTest" time="12.947" tests="5" errors="0" skipped="0" failures="0">
  <properties>
[...]
</properties>
  <testcase name="testUpdateUniversity" classname="tn.esprit.tpfoyer17.JunitTest" time="1.008">
    <system-out><![CDATA[09:33:01.554 [main] INFO org.springframework.test.context.support.AnnotationConfigContextLoaderUtils -- Could not detect default configuration classes for test class [tn.esprit.tpfoyer17.JunitTest]: JunitTest does not declare any static, non-private, non-final, nested classes annotated with @Configuration.
09:33:01.853 [main] INFO org.springframework.boot.test.context.SpringBootTestContextBootstrapper -- Found @SpringBootConfiguration tn.esprit.tpfoyer17.TpFoyer17Application for test class tn.esprit.tpfoyer17.JunitTest

  .   ____          _            __ _ _
 /\\ / ___'_ __ _ _(_)_ __  __ _ \ \ \ \
( ( )\___ | '_ | '_| | '_ \/ _` | \ \ \ \
 \\/  ___)| |_)| | | | | || (_| |  ) ) ) )
  '  |____| .__|_| |_|_| |_\__, | / / / /
 =========|_|==============|___/=/_/_/_/
 :: Spring Boot ::                (v3.1.3)

2024-11-08T09:33:02.857Z  INFO 15840 --- [           main] tn.esprit.tpfoyer17.JunitTest            : Starting JunitTest using Java 20.0.2 with PID 15840 (started by hama in C:\Users\hama\Desktop\Tp-Foyer)
2024-11-08T09:33:02.861Z  INFO 15840 --- [           main] tn.esprit.tpfoyer17.JunitTest            : No active profile set, falling back to 1 default profile: "default"
2024-11-08T09:33:04.405Z  INFO 15840 --- [           main] .s.d.r.c.RepositoryConfigurationDelegate : Bootstrapping Spring Data JPA repositories in DEFAULT mode.
2024-11-08T09:33:04.543Z  INFO 15840 --- [           main] .s.d.r.c.RepositoryConfigurationDelegate : Finished Spring Data repository scanning in 121 ms. Found 6 JPA repository interfaces.
2024-11-08T09:33:05.404Z  INFO 15840 --- [           main] o.hibernate.jpa.internal.util.LogHelper  : HHH000204: Processing PersistenceUnitInfo [name: default]
2024-11-08T09:33:05.553Z  INFO 15840 --- [           main] org.hibernate.Version                    : HHH000412: Hibernate ORM core version 6.2.7.Final
2024-11-08T09:33:05.557Z  INFO 15840 --- [           main] org.hibernate.cfg.Environment            : HHH000406: Using bytecode reflection optimizer
2024-11-08T09:33:05.983Z  INFO 15840 --- [           main] o.h.b.i.BytecodeProviderInitiator        : HHH000021: Bytecode provider name : bytebuddy
2024-11-08T09:33:06.291Z  INFO 15840 --- [           main] o.s.o.j.p.SpringPersistenceUnitInfo      : No LoadTimeWeaver setup: ignoring JPA class transformer
2024-11-08T09:33:06.331Z  INFO 15840 --- [           main] com.zaxxer.hikari.HikariDataSource       : HikariPool-1 - Starting...
2024-11-08T09:33:06.925Z  INFO 15840 --- [           main] com.zaxxer.hikari.pool.HikariPool        : HikariPool-1 - Added connection conn0: url=jdbc:h2:mem:testdb user=SA
2024-11-08T09:33:06.928Z  INFO 15840 --- [           main] com.zaxxer.hikari.HikariDataSource       : HikariPool-1 - Start completed.
2024-11-08T09:33:07.554Z  INFO 15840 --- [           main] o.h.b.i.BytecodeProviderInitiator        : HHH000021: Bytecode provider name : bytebuddy
2024-11-08T09:33:08.979Z  INFO 15840 --- [           main] o.h.e.t.j.p.i.JtaPlatformInitiator       : HHH000490: Using JtaPlatform implementation: [org.hibernate.engine.transaction.jta.platform.internal.NoJtaPlatform]
Hibernate: create table bloc (id_bloc bigint generated by default as identity, capacite_bloc bigint not null, nom_bloc varchar(255), foyer_id_foyer bigint, primary key (id_bloc))
Hibernate: create table chambre (id_chambre bigint generated by default as identity, numero_chambre bigint not null, type_chambre varchar(255) check (type_chambre in ('SIMPLE','DOUBLE','TRIPLE')), bloc_id_bloc bigint, primary key (id_chambre))
Hibernate: create table chambre_reservations (chambre_id_chambre bigint not null, reservations_id_reservation varchar(255) not null, primary key (chambre_id_chambre, reservations_id_reservation))
Hibernate: create table etudiant (id_etudiant bigint generated by default as identity, cin_etudiant bigint not null, date_naissance timestamp(6), nom_etudiant varchar(255), prenom_etudiant varchar(255), primary key (id_etudiant))
Hibernate: create table foyer (id_foyer bigint generated by default as identity, capacite_foyer bigint not null, nom_foyer varchar(255), primary key (id_foyer))
Hibernate: create table reservation (id_reservation varchar(255) not null, annee_universitaire date, est_valide boolean not null, primary key (id_reservation))
Hibernate: create table reservation_etudiants (reservations_id_reservation varchar(255) not null, etudiants_id_etudiant bigint not null, primary key (reservations_id_reservation, etudiants_id_etudiant))
Hibernate: create table universite (id_universite bigint generated by default as identity, adresse varchar(255), nom_universite varchar(255), foyer_id_foyer bigint, primary key (id_universite))
Hibernate: alter table if exists chambre_reservations drop constraint if exists UK_lhhok2kyd975dqwp4cuo2w6df
Hibernate: alter table if exists chambre_reservations add constraint UK_lhhok2kyd975dqwp4cuo2w6df unique (reservations_id_reservation)
Hibernate: alter table if exists universite drop constraint if exists UK_shp3tdxapicb48phb2shb39gu
Hibernate: alter table if exists universite add constraint UK_shp3tdxapicb48phb2shb39gu unique (foyer_id_foyer)
Hibernate: alter table if exists bloc add constraint FKrlx3b5jtde0ftmmrcqbifn0pt foreign key (foyer_id_foyer) references foyer
Hibernate: alter table if exists chambre add constraint FKe3jmwbj3ohvcd61fqhgivoe9j foreign key (bloc_id_bloc) references bloc
Hibernate: alter table if exists chambre_reservations add constraint FKhx2j8u5cpdmo8pptjvnsjqwma foreign key (reservations_id_reservation) references reservation
Hibernate: alter table if exists chambre_reservations add constraint FKqy33yndadmosa4l31qk6v3vm2 foreign key (chambre_id_chambre) references chambre
Hibernate: alter table if exists reservation_etudiants add constraint FK53dc9htdv7ne29h80i08urcqv foreign key (etudiants_id_etudiant) references etudiant
Hibernate: alter table if exists reservation_etudiants add constraint FKr9q9iw0kkhggmvjpnlv00h385 foreign key (reservations_id_reservation) references reservation
Hibernate: alter table if exists universite add constraint FK2b4r95emuv9ea1064hjqxpqq foreign key (foyer_id_foyer) references foyer
2024-11-08T09:33:09.157Z  INFO 15840 --- [           main] j.LocalContainerEntityManagerFactoryBean : Initialized JPA EntityManagerFactory for persistence unit 'default'
2024-11-08T09:33:09.822Z  INFO 15840 --- [           main] o.s.d.j.r.query.QueryEnhancerFactory     : Hibernate is in classpath; If applicable, HQL parser will be used.
2024-11-08T09:33:11.238Z  WARN 15840 --- [           main] JpaBaseConfiguration$JpaWebConfiguration : spring.jpa.open-in-view is enabled by default. Therefore, database queries may be performed during view rendering. Explicitly configure spring.jpa.open-in-view to disable this warning
2024-11-08T09:33:12.877Z  INFO 15840 --- [           main] tn.esprit.tpfoyer17.JunitTest            : Started JunitTest in 10.641 seconds (process running for 13.083)
Hibernate: insert into universite (adresse,foyer_id_foyer,nom_universite,id_universite) values (?,?,?,default)
Hibernate: select u1_0.id_universite,u1_0.adresse,f1_0.id_foyer,b1_0.foyer_id_foyer,b1_0.id_bloc,b1_0.capacite_bloc,b1_0.nom_bloc,f1_0.capacite_foyer,f1_0.nom_foyer,u1_0.nom_universite from universite u1_0 left join foyer f1_0 on f1_0.id_foyer=u1_0.foyer_id_foyer left join bloc b1_0 on f1_0.id_foyer=b1_0.foyer_id_foyer where u1_0.id_universite=?
Hibernate: update universite set adresse=?,foyer_id_foyer=?,nom_universite=? where id_universite=?
]]></system-out>
  </testcase>
  <testcase name="testRetrieveUniversity" classname="tn.esprit.tpfoyer17.JunitTest" time="0.021">
    <system-out><![CDATA[Hibernate: insert into universite (adresse,foyer_id_foyer,nom_universite,id_universite) values (?,?,?,default)
Hibernate: select u1_0.id_universite,u1_0.adresse,f1_0.id_foyer,f1_0.capacite_foyer,f1_0.nom_foyer,u1_0.nom_universite from universite u1_0 left join foyer f1_0 on f1_0.id_foyer=u1_0.foyer_id_foyer where u1_0.id_universite=?
]]></system-out>
  </testcase>
  <testcase name="testDesaffecterFoyerAUniversite" classname="tn.esprit.tpfoyer17.JunitTest" time="0.011">
    <system-out><![CDATA[Hibernate: insert into universite (adresse,foyer_id_foyer,nom_universite,id_universite) values (?,?,?,default)
Hibernate: select u1_0.id_universite,u1_0.adresse,f1_0.id_foyer,f1_0.capacite_foyer,f1_0.nom_foyer,u1_0.nom_universite from universite u1_0 left join foyer f1_0 on f1_0.id_foyer=u1_0.foyer_id_foyer where u1_0.id_universite=?
Hibernate: select u1_0.id_universite,u1_0.adresse,f1_0.id_foyer,b1_0.foyer_id_foyer,b1_0.id_bloc,b1_0.capacite_bloc,b1_0.nom_bloc,f1_0.capacite_foyer,f1_0.nom_foyer,u1_0.nom_universite from universite u1_0 left join foyer f1_0 on f1_0.id_foyer=u1_0.foyer_id_foyer left join bloc b1_0 on f1_0.id_foyer=b1_0.foyer_id_foyer where u1_0.id_universite=?
]]></system-out>
  </testcase>
  <testcase name="testRetrieveAllUniversities" classname="tn.esprit.tpfoyer17.JunitTest" time="0.089">
    <system-out><![CDATA[Hibernate: select u1_0.id_universite,u1_0.adresse,u1_0.foyer_id_foyer,u1_0.nom_universite from universite u1_0
]]></system-out>
  </testcase>
  <testcase name="testAddUniversity" classname="tn.esprit.tpfoyer17.JunitTest" time="0.007">
    <system-out><![CDATA[Hibernate: insert into universite (adresse,foyer_id_foyer,nom_universite,id_universite) values (?,?,?,default)
]]></system-out>
  </testcase>
</testsuite>